<?xml version="1.0" encoding="UTF-8"?>
<!-- Generated by org.testng.reporters.JUnitXMLReporter -->
<testsuite ignored="0" hostname="Rudini" failures="4" tests="4" name="Cucumber Tests" time="71.448" errors="0" timestamp="2025-08-14T13:19:01 WIB">
  <testcase classname="io.cucumber.testng.AbstractTestNGCucumberTests" name="runScenario" time="18.614">
    <failure type="org.openqa.selenium.TimeoutException" message="Expected condition failed: waiting for element to be clickable: By.xpath: //body/div[@id=&amp;apos;__next&amp;apos;]/div[@class=&amp;apos;css-10f63sf&amp;apos;]/div[@class=&amp;apos;MuiBox-root css-k008qs&amp;apos;]/div[@class=&amp;apos;MuiDrawer-root MuiDrawer-docked css-1tu59u4&amp;apos;]/div[@class=&amp;apos;MuiPaper-root MuiPaper-elevation MuiPaper-elevation0 MuiDrawer-paper MuiDrawer-paperAnchorLeft MuiDrawer-paperAnchorDockedLeft css-1yw4omu&amp;apos;]/div[@data-simplebar=&amp;apos;init&amp;apos;]/div[@class=&amp;apos;simplebar-wrapper&amp;apos;]/div[@class=&amp;apos;simplebar-mask&amp;apos;]/div[@class=&amp;apos;simplebar-offset&amp;apos;]/div[@aria-label=&amp;apos;scrollable content&amp;apos;]/div[@class=&amp;apos;simplebar-content&amp;apos;]/div[@class=&amp;apos;MuiBox-root css-10klw3m&amp;apos;]/div[@class=&amp;apos;sidebar MuiBox-root css-ftf74w&amp;apos;]/div[@class=&amp;apos;MuiBox-root css-old1by&amp;apos;]/div[4]/div[1]/div[1]//*[name()=&amp;apos;svg&amp;apos;] (tried for 15 second(s) with 500 milliseconds interval)
Build info: version: &amp;apos;4.34.0&amp;apos;, revision: &amp;apos;707dcb4246*&amp;apos;
System info: os.name: &amp;apos;Windows 11&amp;apos;, os.arch: &amp;apos;amd64&amp;apos;, os.version: &amp;apos;10.0&amp;apos;, java.version: &amp;apos;17.0.16&amp;apos;
Driver info: org.openqa.selenium.chrome.ChromeDriver
Capabilities {acceptInsecureCerts: false, browserName: chrome, browserVersion: 139.0.7258.67, chrome: {chromedriverVersion: 139.0.7258.68 (40ff94600b6e..., userDataDir: C:\Users\denir\AppData\Loca...}, fedcm:accounts: true, goog:chromeOptions: {debuggerAddress: localhost:63451}, networkConnectionEnabled: false, pageLoadStrategy: normal, platformName: windows, proxy: Proxy(), se:cdp: ws://localhost:63451/devtoo..., se:cdpVersion: 139.0.7258.67, setWindowRect: true, strictFileInteractability: false, timeouts: {implicit: 0, pageLoad: 300000, script: 30000}, unhandledPromptBehavior: dismiss and notify, webauthn:extension:credBlob: true, webauthn:extension:largeBlob: true, webauthn:extension:minPinLength: true, webauthn:extension:prf: true, webauthn:virtualAuthenticators: true}
Session ID: d40053c6d79d89f77451bd91b7270de1">
      <![CDATA[org.openqa.selenium.TimeoutException: Expected condition failed: waiting for element to be clickable: By.xpath: //body/div[@id='__next']/div[@class='css-10f63sf']/div[@class='MuiBox-root css-k008qs']/div[@class='MuiDrawer-root MuiDrawer-docked css-1tu59u4']/div[@class='MuiPaper-root MuiPaper-elevation MuiPaper-elevation0 MuiDrawer-paper MuiDrawer-paperAnchorLeft MuiDrawer-paperAnchorDockedLeft css-1yw4omu']/div[@data-simplebar='init']/div[@class='simplebar-wrapper']/div[@class='simplebar-mask']/div[@class='simplebar-offset']/div[@aria-label='scrollable content']/div[@class='simplebar-content']/div[@class='MuiBox-root css-10klw3m']/div[@class='sidebar MuiBox-root css-ftf74w']/div[@class='MuiBox-root css-old1by']/div[4]/div[1]/div[1]//*[name()='svg'] (tried for 15 second(s) with 500 milliseconds interval)
Build info: version: '4.34.0', revision: '707dcb4246*'
System info: os.name: 'Windows 11', os.arch: 'amd64', os.version: '10.0', java.version: '17.0.16'
Driver info: org.openqa.selenium.chrome.ChromeDriver
Capabilities {acceptInsecureCerts: false, browserName: chrome, browserVersion: 139.0.7258.67, chrome: {chromedriverVersion: 139.0.7258.68 (40ff94600b6e..., userDataDir: C:\Users\denir\AppData\Loca...}, fedcm:accounts: true, goog:chromeOptions: {debuggerAddress: localhost:63451}, networkConnectionEnabled: false, pageLoadStrategy: normal, platformName: windows, proxy: Proxy(), se:cdp: ws://localhost:63451/devtoo..., se:cdpVersion: 139.0.7258.67, setWindowRect: true, strictFileInteractability: false, timeouts: {implicit: 0, pageLoad: 300000, script: 30000}, unhandledPromptBehavior: dismiss and notify, webauthn:extension:credBlob: true, webauthn:extension:largeBlob: true, webauthn:extension:minPinLength: true, webauthn:extension:prf: true, webauthn:virtualAuthenticators: true}
Session ID: d40053c6d79d89f77451bd91b7270de1
at org.openqa.selenium.support.ui.WebDriverWait.timeoutException(WebDriverWait.java:84)
at org.openqa.selenium.support.ui.FluentWait.until(FluentWait.java:228)
at com.dikahadir.management.stepdefinitions.CommonSteps.user_navigates_to_the_user_menu(CommonSteps.java:41)
at ✽.User navigates to the user menu(file:///E:/Practice%20Selenium/Tugas%20TA/com.dikahadir.management/src/test/resources/features/UserExport.feature:5)
]]>
    </failure>
  </testcase> <!-- runScenario -->
  <testcase classname="io.cucumber.testng.AbstractTestNGCucumberTests" name="runScenario" time="17.427">
    <failure type="org.openqa.selenium.TimeoutException" message="Expected condition failed: waiting for element to be clickable: By.xpath: //body/div[@id=&amp;apos;__next&amp;apos;]/div[@class=&amp;apos;css-10f63sf&amp;apos;]/div[@class=&amp;apos;MuiBox-root css-k008qs&amp;apos;]/div[@class=&amp;apos;MuiDrawer-root MuiDrawer-docked css-1tu59u4&amp;apos;]/div[@class=&amp;apos;MuiPaper-root MuiPaper-elevation MuiPaper-elevation0 MuiDrawer-paper MuiDrawer-paperAnchorLeft MuiDrawer-paperAnchorDockedLeft css-1yw4omu&amp;apos;]/div[@data-simplebar=&amp;apos;init&amp;apos;]/div[@class=&amp;apos;simplebar-wrapper&amp;apos;]/div[@class=&amp;apos;simplebar-mask&amp;apos;]/div[@class=&amp;apos;simplebar-offset&amp;apos;]/div[@aria-label=&amp;apos;scrollable content&amp;apos;]/div[@class=&amp;apos;simplebar-content&amp;apos;]/div[@class=&amp;apos;MuiBox-root css-10klw3m&amp;apos;]/div[@class=&amp;apos;sidebar MuiBox-root css-ftf74w&amp;apos;]/div[@class=&amp;apos;MuiBox-root css-old1by&amp;apos;]/div[4]/div[1]/div[1]//*[name()=&amp;apos;svg&amp;apos;] (tried for 15 second(s) with 500 milliseconds interval)
Build info: version: &amp;apos;4.34.0&amp;apos;, revision: &amp;apos;707dcb4246*&amp;apos;
System info: os.name: &amp;apos;Windows 11&amp;apos;, os.arch: &amp;apos;amd64&amp;apos;, os.version: &amp;apos;10.0&amp;apos;, java.version: &amp;apos;17.0.16&amp;apos;
Driver info: org.openqa.selenium.chrome.ChromeDriver
Capabilities {acceptInsecureCerts: false, browserName: chrome, browserVersion: 139.0.7258.67, chrome: {chromedriverVersion: 139.0.7258.68 (40ff94600b6e..., userDataDir: C:\Users\denir\AppData\Loca...}, fedcm:accounts: true, goog:chromeOptions: {debuggerAddress: localhost:63451}, networkConnectionEnabled: false, pageLoadStrategy: normal, platformName: windows, proxy: Proxy(), se:cdp: ws://localhost:63451/devtoo..., se:cdpVersion: 139.0.7258.67, setWindowRect: true, strictFileInteractability: false, timeouts: {implicit: 0, pageLoad: 300000, script: 30000}, unhandledPromptBehavior: dismiss and notify, webauthn:extension:credBlob: true, webauthn:extension:largeBlob: true, webauthn:extension:minPinLength: true, webauthn:extension:prf: true, webauthn:virtualAuthenticators: true}
Session ID: d40053c6d79d89f77451bd91b7270de1">
      <![CDATA[org.openqa.selenium.TimeoutException: Expected condition failed: waiting for element to be clickable: By.xpath: //body/div[@id='__next']/div[@class='css-10f63sf']/div[@class='MuiBox-root css-k008qs']/div[@class='MuiDrawer-root MuiDrawer-docked css-1tu59u4']/div[@class='MuiPaper-root MuiPaper-elevation MuiPaper-elevation0 MuiDrawer-paper MuiDrawer-paperAnchorLeft MuiDrawer-paperAnchorDockedLeft css-1yw4omu']/div[@data-simplebar='init']/div[@class='simplebar-wrapper']/div[@class='simplebar-mask']/div[@class='simplebar-offset']/div[@aria-label='scrollable content']/div[@class='simplebar-content']/div[@class='MuiBox-root css-10klw3m']/div[@class='sidebar MuiBox-root css-ftf74w']/div[@class='MuiBox-root css-old1by']/div[4]/div[1]/div[1]//*[name()='svg'] (tried for 15 second(s) with 500 milliseconds interval)
Build info: version: '4.34.0', revision: '707dcb4246*'
System info: os.name: 'Windows 11', os.arch: 'amd64', os.version: '10.0', java.version: '17.0.16'
Driver info: org.openqa.selenium.chrome.ChromeDriver
Capabilities {acceptInsecureCerts: false, browserName: chrome, browserVersion: 139.0.7258.67, chrome: {chromedriverVersion: 139.0.7258.68 (40ff94600b6e..., userDataDir: C:\Users\denir\AppData\Loca...}, fedcm:accounts: true, goog:chromeOptions: {debuggerAddress: localhost:63451}, networkConnectionEnabled: false, pageLoadStrategy: normal, platformName: windows, proxy: Proxy(), se:cdp: ws://localhost:63451/devtoo..., se:cdpVersion: 139.0.7258.67, setWindowRect: true, strictFileInteractability: false, timeouts: {implicit: 0, pageLoad: 300000, script: 30000}, unhandledPromptBehavior: dismiss and notify, webauthn:extension:credBlob: true, webauthn:extension:largeBlob: true, webauthn:extension:minPinLength: true, webauthn:extension:prf: true, webauthn:virtualAuthenticators: true}
Session ID: d40053c6d79d89f77451bd91b7270de1
at org.openqa.selenium.support.ui.WebDriverWait.timeoutException(WebDriverWait.java:84)
at org.openqa.selenium.support.ui.FluentWait.until(FluentWait.java:228)
at com.dikahadir.management.stepdefinitions.CommonSteps.user_navigates_to_the_user_menu(CommonSteps.java:41)
at ✽.User navigates to the user menu(file:///E:/Practice%20Selenium/Tugas%20TA/com.dikahadir.management/src/test/resources/features/UserSearch.feature:5)
]]>
    </failure>
  </testcase> <!-- runScenario -->
  <testcase classname="io.cucumber.testng.AbstractTestNGCucumberTests" name="runScenario" time="17.341">
    <failure type="org.openqa.selenium.TimeoutException" message="Expected condition failed: waiting for element to be clickable: By.xpath: //body/div[@id=&amp;apos;__next&amp;apos;]/div[@class=&amp;apos;css-10f63sf&amp;apos;]/div[@class=&amp;apos;MuiBox-root css-k008qs&amp;apos;]/div[@class=&amp;apos;MuiDrawer-root MuiDrawer-docked css-1tu59u4&amp;apos;]/div[@class=&amp;apos;MuiPaper-root MuiPaper-elevation MuiPaper-elevation0 MuiDrawer-paper MuiDrawer-paperAnchorLeft MuiDrawer-paperAnchorDockedLeft css-1yw4omu&amp;apos;]/div[@data-simplebar=&amp;apos;init&amp;apos;]/div[@class=&amp;apos;simplebar-wrapper&amp;apos;]/div[@class=&amp;apos;simplebar-mask&amp;apos;]/div[@class=&amp;apos;simplebar-offset&amp;apos;]/div[@aria-label=&amp;apos;scrollable content&amp;apos;]/div[@class=&amp;apos;simplebar-content&amp;apos;]/div[@class=&amp;apos;MuiBox-root css-10klw3m&amp;apos;]/div[@class=&amp;apos;sidebar MuiBox-root css-ftf74w&amp;apos;]/div[@class=&amp;apos;MuiBox-root css-old1by&amp;apos;]/div[4]/div[1]/div[1]//*[name()=&amp;apos;svg&amp;apos;] (tried for 15 second(s) with 500 milliseconds interval)
Build info: version: &amp;apos;4.34.0&amp;apos;, revision: &amp;apos;707dcb4246*&amp;apos;
System info: os.name: &amp;apos;Windows 11&amp;apos;, os.arch: &amp;apos;amd64&amp;apos;, os.version: &amp;apos;10.0&amp;apos;, java.version: &amp;apos;17.0.16&amp;apos;
Driver info: org.openqa.selenium.chrome.ChromeDriver
Capabilities {acceptInsecureCerts: false, browserName: chrome, browserVersion: 139.0.7258.67, chrome: {chromedriverVersion: 139.0.7258.68 (40ff94600b6e..., userDataDir: C:\Users\denir\AppData\Loca...}, fedcm:accounts: true, goog:chromeOptions: {debuggerAddress: localhost:63451}, networkConnectionEnabled: false, pageLoadStrategy: normal, platformName: windows, proxy: Proxy(), se:cdp: ws://localhost:63451/devtoo..., se:cdpVersion: 139.0.7258.67, setWindowRect: true, strictFileInteractability: false, timeouts: {implicit: 0, pageLoad: 300000, script: 30000}, unhandledPromptBehavior: dismiss and notify, webauthn:extension:credBlob: true, webauthn:extension:largeBlob: true, webauthn:extension:minPinLength: true, webauthn:extension:prf: true, webauthn:virtualAuthenticators: true}
Session ID: d40053c6d79d89f77451bd91b7270de1">
      <![CDATA[org.openqa.selenium.TimeoutException: Expected condition failed: waiting for element to be clickable: By.xpath: //body/div[@id='__next']/div[@class='css-10f63sf']/div[@class='MuiBox-root css-k008qs']/div[@class='MuiDrawer-root MuiDrawer-docked css-1tu59u4']/div[@class='MuiPaper-root MuiPaper-elevation MuiPaper-elevation0 MuiDrawer-paper MuiDrawer-paperAnchorLeft MuiDrawer-paperAnchorDockedLeft css-1yw4omu']/div[@data-simplebar='init']/div[@class='simplebar-wrapper']/div[@class='simplebar-mask']/div[@class='simplebar-offset']/div[@aria-label='scrollable content']/div[@class='simplebar-content']/div[@class='MuiBox-root css-10klw3m']/div[@class='sidebar MuiBox-root css-ftf74w']/div[@class='MuiBox-root css-old1by']/div[4]/div[1]/div[1]//*[name()='svg'] (tried for 15 second(s) with 500 milliseconds interval)
Build info: version: '4.34.0', revision: '707dcb4246*'
System info: os.name: 'Windows 11', os.arch: 'amd64', os.version: '10.0', java.version: '17.0.16'
Driver info: org.openqa.selenium.chrome.ChromeDriver
Capabilities {acceptInsecureCerts: false, browserName: chrome, browserVersion: 139.0.7258.67, chrome: {chromedriverVersion: 139.0.7258.68 (40ff94600b6e..., userDataDir: C:\Users\denir\AppData\Loca...}, fedcm:accounts: true, goog:chromeOptions: {debuggerAddress: localhost:63451}, networkConnectionEnabled: false, pageLoadStrategy: normal, platformName: windows, proxy: Proxy(), se:cdp: ws://localhost:63451/devtoo..., se:cdpVersion: 139.0.7258.67, setWindowRect: true, strictFileInteractability: false, timeouts: {implicit: 0, pageLoad: 300000, script: 30000}, unhandledPromptBehavior: dismiss and notify, webauthn:extension:credBlob: true, webauthn:extension:largeBlob: true, webauthn:extension:minPinLength: true, webauthn:extension:prf: true, webauthn:virtualAuthenticators: true}
Session ID: d40053c6d79d89f77451bd91b7270de1
at org.openqa.selenium.support.ui.WebDriverWait.timeoutException(WebDriverWait.java:84)
at org.openqa.selenium.support.ui.FluentWait.until(FluentWait.java:228)
at com.dikahadir.management.stepdefinitions.CommonSteps.user_navigates_to_the_user_menu(CommonSteps.java:41)
at ✽.User navigates to the user menu(file:///E:/Practice%20Selenium/Tugas%20TA/com.dikahadir.management/src/test/resources/features/UserSearch.feature:12)
]]>
    </failure>
  </testcase> <!-- runScenario -->
  <testcase classname="io.cucumber.testng.AbstractTestNGCucumberTests" name="runScenario" time="17.449">
    <failure type="org.openqa.selenium.TimeoutException" message="Expected condition failed: waiting for element to be clickable: By.xpath: //body/div[@id=&amp;apos;__next&amp;apos;]/div[@class=&amp;apos;css-10f63sf&amp;apos;]/div[@class=&amp;apos;MuiBox-root css-k008qs&amp;apos;]/div[@class=&amp;apos;MuiDrawer-root MuiDrawer-docked css-1tu59u4&amp;apos;]/div[@class=&amp;apos;MuiPaper-root MuiPaper-elevation MuiPaper-elevation0 MuiDrawer-paper MuiDrawer-paperAnchorLeft MuiDrawer-paperAnchorDockedLeft css-1yw4omu&amp;apos;]/div[@data-simplebar=&amp;apos;init&amp;apos;]/div[@class=&amp;apos;simplebar-wrapper&amp;apos;]/div[@class=&amp;apos;simplebar-mask&amp;apos;]/div[@class=&amp;apos;simplebar-offset&amp;apos;]/div[@aria-label=&amp;apos;scrollable content&amp;apos;]/div[@class=&amp;apos;simplebar-content&amp;apos;]/div[@class=&amp;apos;MuiBox-root css-10klw3m&amp;apos;]/div[@class=&amp;apos;sidebar MuiBox-root css-ftf74w&amp;apos;]/div[@class=&amp;apos;MuiBox-root css-old1by&amp;apos;]/div[4]/div[1]/div[1]//*[name()=&amp;apos;svg&amp;apos;] (tried for 15 second(s) with 500 milliseconds interval)
Build info: version: &amp;apos;4.34.0&amp;apos;, revision: &amp;apos;707dcb4246*&amp;apos;
System info: os.name: &amp;apos;Windows 11&amp;apos;, os.arch: &amp;apos;amd64&amp;apos;, os.version: &amp;apos;10.0&amp;apos;, java.version: &amp;apos;17.0.16&amp;apos;
Driver info: org.openqa.selenium.chrome.ChromeDriver
Capabilities {acceptInsecureCerts: false, browserName: chrome, browserVersion: 139.0.7258.67, chrome: {chromedriverVersion: 139.0.7258.68 (40ff94600b6e..., userDataDir: C:\Users\denir\AppData\Loca...}, fedcm:accounts: true, goog:chromeOptions: {debuggerAddress: localhost:63451}, networkConnectionEnabled: false, pageLoadStrategy: normal, platformName: windows, proxy: Proxy(), se:cdp: ws://localhost:63451/devtoo..., se:cdpVersion: 139.0.7258.67, setWindowRect: true, strictFileInteractability: false, timeouts: {implicit: 0, pageLoad: 300000, script: 30000}, unhandledPromptBehavior: dismiss and notify, webauthn:extension:credBlob: true, webauthn:extension:largeBlob: true, webauthn:extension:minPinLength: true, webauthn:extension:prf: true, webauthn:virtualAuthenticators: true}
Session ID: d40053c6d79d89f77451bd91b7270de1">
      <![CDATA[org.openqa.selenium.TimeoutException: Expected condition failed: waiting for element to be clickable: By.xpath: //body/div[@id='__next']/div[@class='css-10f63sf']/div[@class='MuiBox-root css-k008qs']/div[@class='MuiDrawer-root MuiDrawer-docked css-1tu59u4']/div[@class='MuiPaper-root MuiPaper-elevation MuiPaper-elevation0 MuiDrawer-paper MuiDrawer-paperAnchorLeft MuiDrawer-paperAnchorDockedLeft css-1yw4omu']/div[@data-simplebar='init']/div[@class='simplebar-wrapper']/div[@class='simplebar-mask']/div[@class='simplebar-offset']/div[@aria-label='scrollable content']/div[@class='simplebar-content']/div[@class='MuiBox-root css-10klw3m']/div[@class='sidebar MuiBox-root css-ftf74w']/div[@class='MuiBox-root css-old1by']/div[4]/div[1]/div[1]//*[name()='svg'] (tried for 15 second(s) with 500 milliseconds interval)
Build info: version: '4.34.0', revision: '707dcb4246*'
System info: os.name: 'Windows 11', os.arch: 'amd64', os.version: '10.0', java.version: '17.0.16'
Driver info: org.openqa.selenium.chrome.ChromeDriver
Capabilities {acceptInsecureCerts: false, browserName: chrome, browserVersion: 139.0.7258.67, chrome: {chromedriverVersion: 139.0.7258.68 (40ff94600b6e..., userDataDir: C:\Users\denir\AppData\Loca...}, fedcm:accounts: true, goog:chromeOptions: {debuggerAddress: localhost:63451}, networkConnectionEnabled: false, pageLoadStrategy: normal, platformName: windows, proxy: Proxy(), se:cdp: ws://localhost:63451/devtoo..., se:cdpVersion: 139.0.7258.67, setWindowRect: true, strictFileInteractability: false, timeouts: {implicit: 0, pageLoad: 300000, script: 30000}, unhandledPromptBehavior: dismiss and notify, webauthn:extension:credBlob: true, webauthn:extension:largeBlob: true, webauthn:extension:minPinLength: true, webauthn:extension:prf: true, webauthn:virtualAuthenticators: true}
Session ID: d40053c6d79d89f77451bd91b7270de1
at org.openqa.selenium.support.ui.WebDriverWait.timeoutException(WebDriverWait.java:84)
at org.openqa.selenium.support.ui.FluentWait.until(FluentWait.java:228)
at com.dikahadir.management.stepdefinitions.CommonSteps.user_navigates_to_the_user_menu(CommonSteps.java:41)
at ✽.User navigates to the user menu(file:///E:/Practice%20Selenium/Tugas%20TA/com.dikahadir.management/src/test/resources/features/UserStatus.feature:5)
]]>
    </failure>
  </testcase> <!-- runScenario -->
</testsuite> <!-- Cucumber Tests -->
