<?xml version="1.0" encoding="UTF-8"?>
<!-- Generated by org.testng.reporters.JUnitReportReporter -->
<testsuite hostname="Rudini" failures="0" tests="4" name="com.dikahadir.management.runners.CucumberRunner" time="70.831" errors="4" timestamp="2025-08-14T13:19:01 WIB" skipped="0">
  <testcase classname="com.dikahadir.management.runners.CucumberRunner" name="runScenario" time="17.341">
    <error message="Expected condition failed: waiting for element to be clickable: By.xpath: //body/div[@id=&#039;__next&#039;]/div[@class=&#039;css-10f63sf&#039;]/div[@class=&#039;MuiBox-root css-k008qs&#039;]/div[@class=&#039;MuiDrawer-root MuiDrawer-docked css-1tu59u4&#039;]/div[@class=&#039;MuiPaper-root MuiPaper-elevation MuiPaper-elevation0 MuiDrawer-paper MuiDrawer-paperAnchorLeft MuiDrawer-paperAnchorDockedLeft css-1yw4omu&#039;]/div[@data-simplebar=&#039;init&#039;]/div[@class=&#039;simplebar-wrapper&#039;]/div[@class=&#039;simplebar-mask&#039;]/div[@class=&#039;simplebar-offset&#039;]/div[@aria-label=&#039;scrollable content&#039;]/div[@class=&#039;simplebar-content&#039;]/div[@class=&#039;MuiBox-root css-10klw3m&#039;]/div[@class=&#039;sidebar MuiBox-root css-ftf74w&#039;]/div[@class=&#039;MuiBox-root css-old1by&#039;]/div[4]/div[1]/div[1]//*[name()=&#039;svg&#039;] (tried for 15 second(s) with 500 milliseconds interval)
Build info: version: &#039;4.34.0&#039;, revision: &#039;707dcb4246*&#039;
System info: os.name: &#039;Windows 11&#039;, os.arch: &#039;amd64&#039;, os.version: &#039;10.0&#039;, java.version: &#039;17.0.16&#039;
Driver info: org.openqa.selenium.chrome.ChromeDriver
Capabilities {acceptInsecureCerts: false, browserName: chrome, browserVersion: 139.0.7258.67, chrome: {chromedriverVersion: 139.0.7258.68 (40ff94600b6e..., userDataDir: C:\Users\denir\AppData\Loca...}, fedcm:accounts: true, goog:chromeOptions: {debuggerAddress: localhost:63451}, networkConnectionEnabled: false, pageLoadStrategy: normal, platformName: windows, proxy: Proxy(), se:cdp: ws://localhost:63451/devtoo..., se:cdpVersion: 139.0.7258.67, setWindowRect: true, strictFileInteractability: false, timeouts: {implicit: 0, pageLoad: 300000, script: 30000}, unhandledPromptBehavior: dismiss and notify, webauthn:extension:credBlob: true, webauthn:extension:largeBlob: true, webauthn:extension:minPinLength: true, webauthn:extension:prf: true, webauthn:virtualAuthenticators: true}
Session ID: d40053c6d79d89f77451bd91b7270de1" type="org.openqa.selenium.TimeoutException">
      <![CDATA[org.openqa.selenium.TimeoutException: Expected condition failed: waiting for element to be clickable: By.xpath: //body/div[@id='__next']/div[@class='css-10f63sf']/div[@class='MuiBox-root css-k008qs']/div[@class='MuiDrawer-root MuiDrawer-docked css-1tu59u4']/div[@class='MuiPaper-root MuiPaper-elevation MuiPaper-elevation0 MuiDrawer-paper MuiDrawer-paperAnchorLeft MuiDrawer-paperAnchorDockedLeft css-1yw4omu']/div[@data-simplebar='init']/div[@class='simplebar-wrapper']/div[@class='simplebar-mask']/div[@class='simplebar-offset']/div[@aria-label='scrollable content']/div[@class='simplebar-content']/div[@class='MuiBox-root css-10klw3m']/div[@class='sidebar MuiBox-root css-ftf74w']/div[@class='MuiBox-root css-old1by']/div[4]/div[1]/div[1]//*[name()='svg'] (tried for 15 second(s) with 500 milliseconds interval)
Build info: version: '4.34.0', revision: '707dcb4246*'
System info: os.name: 'Windows 11', os.arch: 'amd64', os.version: '10.0', java.version: '17.0.16'
Driver info: org.openqa.selenium.chrome.ChromeDriver
Capabilities {acceptInsecureCerts: false, browserName: chrome, browserVersion: 139.0.7258.67, chrome: {chromedriverVersion: 139.0.7258.68 (40ff94600b6e..., userDataDir: C:\Users\denir\AppData\Loca...}, fedcm:accounts: true, goog:chromeOptions: {debuggerAddress: localhost:63451}, networkConnectionEnabled: false, pageLoadStrategy: normal, platformName: windows, proxy: Proxy(), se:cdp: ws://localhost:63451/devtoo..., se:cdpVersion: 139.0.7258.67, setWindowRect: true, strictFileInteractability: false, timeouts: {implicit: 0, pageLoad: 300000, script: 30000}, unhandledPromptBehavior: dismiss and notify, webauthn:extension:credBlob: true, webauthn:extension:largeBlob: true, webauthn:extension:minPinLength: true, webauthn:extension:prf: true, webauthn:virtualAuthenticators: true}
Session ID: d40053c6d79d89f77451bd91b7270de1
at org.openqa.selenium.support.ui.WebDriverWait.timeoutException(WebDriverWait.java:84)
at org.openqa.selenium.support.ui.FluentWait.until(FluentWait.java:228)
at com.dikahadir.management.stepdefinitions.CommonSteps.user_navigates_to_the_user_menu(CommonSteps.java:41)
at ✽.User navigates to the user menu(file:///E:/Practice%20Selenium/Tugas%20TA/com.dikahadir.management/src/test/resources/features/UserSearch.feature:12)
]]>
    </error>
  </testcase> <!-- runScenario -->
  <testcase classname="com.dikahadir.management.runners.CucumberRunner" name="runScenario" time="18.614">
    <error message="Expected condition failed: waiting for element to be clickable: By.xpath: //body/div[@id=&#039;__next&#039;]/div[@class=&#039;css-10f63sf&#039;]/div[@class=&#039;MuiBox-root css-k008qs&#039;]/div[@class=&#039;MuiDrawer-root MuiDrawer-docked css-1tu59u4&#039;]/div[@class=&#039;MuiPaper-root MuiPaper-elevation MuiPaper-elevation0 MuiDrawer-paper MuiDrawer-paperAnchorLeft MuiDrawer-paperAnchorDockedLeft css-1yw4omu&#039;]/div[@data-simplebar=&#039;init&#039;]/div[@class=&#039;simplebar-wrapper&#039;]/div[@class=&#039;simplebar-mask&#039;]/div[@class=&#039;simplebar-offset&#039;]/div[@aria-label=&#039;scrollable content&#039;]/div[@class=&#039;simplebar-content&#039;]/div[@class=&#039;MuiBox-root css-10klw3m&#039;]/div[@class=&#039;sidebar MuiBox-root css-ftf74w&#039;]/div[@class=&#039;MuiBox-root css-old1by&#039;]/div[4]/div[1]/div[1]//*[name()=&#039;svg&#039;] (tried for 15 second(s) with 500 milliseconds interval)
Build info: version: &#039;4.34.0&#039;, revision: &#039;707dcb4246*&#039;
System info: os.name: &#039;Windows 11&#039;, os.arch: &#039;amd64&#039;, os.version: &#039;10.0&#039;, java.version: &#039;17.0.16&#039;
Driver info: org.openqa.selenium.chrome.ChromeDriver
Capabilities {acceptInsecureCerts: false, browserName: chrome, browserVersion: 139.0.7258.67, chrome: {chromedriverVersion: 139.0.7258.68 (40ff94600b6e..., userDataDir: C:\Users\denir\AppData\Loca...}, fedcm:accounts: true, goog:chromeOptions: {debuggerAddress: localhost:63451}, networkConnectionEnabled: false, pageLoadStrategy: normal, platformName: windows, proxy: Proxy(), se:cdp: ws://localhost:63451/devtoo..., se:cdpVersion: 139.0.7258.67, setWindowRect: true, strictFileInteractability: false, timeouts: {implicit: 0, pageLoad: 300000, script: 30000}, unhandledPromptBehavior: dismiss and notify, webauthn:extension:credBlob: true, webauthn:extension:largeBlob: true, webauthn:extension:minPinLength: true, webauthn:extension:prf: true, webauthn:virtualAuthenticators: true}
Session ID: d40053c6d79d89f77451bd91b7270de1" type="org.openqa.selenium.TimeoutException">
      <![CDATA[org.openqa.selenium.TimeoutException: Expected condition failed: waiting for element to be clickable: By.xpath: //body/div[@id='__next']/div[@class='css-10f63sf']/div[@class='MuiBox-root css-k008qs']/div[@class='MuiDrawer-root MuiDrawer-docked css-1tu59u4']/div[@class='MuiPaper-root MuiPaper-elevation MuiPaper-elevation0 MuiDrawer-paper MuiDrawer-paperAnchorLeft MuiDrawer-paperAnchorDockedLeft css-1yw4omu']/div[@data-simplebar='init']/div[@class='simplebar-wrapper']/div[@class='simplebar-mask']/div[@class='simplebar-offset']/div[@aria-label='scrollable content']/div[@class='simplebar-content']/div[@class='MuiBox-root css-10klw3m']/div[@class='sidebar MuiBox-root css-ftf74w']/div[@class='MuiBox-root css-old1by']/div[4]/div[1]/div[1]//*[name()='svg'] (tried for 15 second(s) with 500 milliseconds interval)
Build info: version: '4.34.0', revision: '707dcb4246*'
System info: os.name: 'Windows 11', os.arch: 'amd64', os.version: '10.0', java.version: '17.0.16'
Driver info: org.openqa.selenium.chrome.ChromeDriver
Capabilities {acceptInsecureCerts: false, browserName: chrome, browserVersion: 139.0.7258.67, chrome: {chromedriverVersion: 139.0.7258.68 (40ff94600b6e..., userDataDir: C:\Users\denir\AppData\Loca...}, fedcm:accounts: true, goog:chromeOptions: {debuggerAddress: localhost:63451}, networkConnectionEnabled: false, pageLoadStrategy: normal, platformName: windows, proxy: Proxy(), se:cdp: ws://localhost:63451/devtoo..., se:cdpVersion: 139.0.7258.67, setWindowRect: true, strictFileInteractability: false, timeouts: {implicit: 0, pageLoad: 300000, script: 30000}, unhandledPromptBehavior: dismiss and notify, webauthn:extension:credBlob: true, webauthn:extension:largeBlob: true, webauthn:extension:minPinLength: true, webauthn:extension:prf: true, webauthn:virtualAuthenticators: true}
Session ID: d40053c6d79d89f77451bd91b7270de1
at org.openqa.selenium.support.ui.WebDriverWait.timeoutException(WebDriverWait.java:84)
at org.openqa.selenium.support.ui.FluentWait.until(FluentWait.java:228)
at com.dikahadir.management.stepdefinitions.CommonSteps.user_navigates_to_the_user_menu(CommonSteps.java:41)
at ✽.User navigates to the user menu(file:///E:/Practice%20Selenium/Tugas%20TA/com.dikahadir.management/src/test/resources/features/UserExport.feature:5)
]]>
    </error>
  </testcase> <!-- runScenario -->
  <testcase classname="com.dikahadir.management.runners.CucumberRunner" name="runScenario" time="17.427">
    <error message="Expected condition failed: waiting for element to be clickable: By.xpath: //body/div[@id=&#039;__next&#039;]/div[@class=&#039;css-10f63sf&#039;]/div[@class=&#039;MuiBox-root css-k008qs&#039;]/div[@class=&#039;MuiDrawer-root MuiDrawer-docked css-1tu59u4&#039;]/div[@class=&#039;MuiPaper-root MuiPaper-elevation MuiPaper-elevation0 MuiDrawer-paper MuiDrawer-paperAnchorLeft MuiDrawer-paperAnchorDockedLeft css-1yw4omu&#039;]/div[@data-simplebar=&#039;init&#039;]/div[@class=&#039;simplebar-wrapper&#039;]/div[@class=&#039;simplebar-mask&#039;]/div[@class=&#039;simplebar-offset&#039;]/div[@aria-label=&#039;scrollable content&#039;]/div[@class=&#039;simplebar-content&#039;]/div[@class=&#039;MuiBox-root css-10klw3m&#039;]/div[@class=&#039;sidebar MuiBox-root css-ftf74w&#039;]/div[@class=&#039;MuiBox-root css-old1by&#039;]/div[4]/div[1]/div[1]//*[name()=&#039;svg&#039;] (tried for 15 second(s) with 500 milliseconds interval)
Build info: version: &#039;4.34.0&#039;, revision: &#039;707dcb4246*&#039;
System info: os.name: &#039;Windows 11&#039;, os.arch: &#039;amd64&#039;, os.version: &#039;10.0&#039;, java.version: &#039;17.0.16&#039;
Driver info: org.openqa.selenium.chrome.ChromeDriver
Capabilities {acceptInsecureCerts: false, browserName: chrome, browserVersion: 139.0.7258.67, chrome: {chromedriverVersion: 139.0.7258.68 (40ff94600b6e..., userDataDir: C:\Users\denir\AppData\Loca...}, fedcm:accounts: true, goog:chromeOptions: {debuggerAddress: localhost:63451}, networkConnectionEnabled: false, pageLoadStrategy: normal, platformName: windows, proxy: Proxy(), se:cdp: ws://localhost:63451/devtoo..., se:cdpVersion: 139.0.7258.67, setWindowRect: true, strictFileInteractability: false, timeouts: {implicit: 0, pageLoad: 300000, script: 30000}, unhandledPromptBehavior: dismiss and notify, webauthn:extension:credBlob: true, webauthn:extension:largeBlob: true, webauthn:extension:minPinLength: true, webauthn:extension:prf: true, webauthn:virtualAuthenticators: true}
Session ID: d40053c6d79d89f77451bd91b7270de1" type="org.openqa.selenium.TimeoutException">
      <![CDATA[org.openqa.selenium.TimeoutException: Expected condition failed: waiting for element to be clickable: By.xpath: //body/div[@id='__next']/div[@class='css-10f63sf']/div[@class='MuiBox-root css-k008qs']/div[@class='MuiDrawer-root MuiDrawer-docked css-1tu59u4']/div[@class='MuiPaper-root MuiPaper-elevation MuiPaper-elevation0 MuiDrawer-paper MuiDrawer-paperAnchorLeft MuiDrawer-paperAnchorDockedLeft css-1yw4omu']/div[@data-simplebar='init']/div[@class='simplebar-wrapper']/div[@class='simplebar-mask']/div[@class='simplebar-offset']/div[@aria-label='scrollable content']/div[@class='simplebar-content']/div[@class='MuiBox-root css-10klw3m']/div[@class='sidebar MuiBox-root css-ftf74w']/div[@class='MuiBox-root css-old1by']/div[4]/div[1]/div[1]//*[name()='svg'] (tried for 15 second(s) with 500 milliseconds interval)
Build info: version: '4.34.0', revision: '707dcb4246*'
System info: os.name: 'Windows 11', os.arch: 'amd64', os.version: '10.0', java.version: '17.0.16'
Driver info: org.openqa.selenium.chrome.ChromeDriver
Capabilities {acceptInsecureCerts: false, browserName: chrome, browserVersion: 139.0.7258.67, chrome: {chromedriverVersion: 139.0.7258.68 (40ff94600b6e..., userDataDir: C:\Users\denir\AppData\Loca...}, fedcm:accounts: true, goog:chromeOptions: {debuggerAddress: localhost:63451}, networkConnectionEnabled: false, pageLoadStrategy: normal, platformName: windows, proxy: Proxy(), se:cdp: ws://localhost:63451/devtoo..., se:cdpVersion: 139.0.7258.67, setWindowRect: true, strictFileInteractability: false, timeouts: {implicit: 0, pageLoad: 300000, script: 30000}, unhandledPromptBehavior: dismiss and notify, webauthn:extension:credBlob: true, webauthn:extension:largeBlob: true, webauthn:extension:minPinLength: true, webauthn:extension:prf: true, webauthn:virtualAuthenticators: true}
Session ID: d40053c6d79d89f77451bd91b7270de1
at org.openqa.selenium.support.ui.WebDriverWait.timeoutException(WebDriverWait.java:84)
at org.openqa.selenium.support.ui.FluentWait.until(FluentWait.java:228)
at com.dikahadir.management.stepdefinitions.CommonSteps.user_navigates_to_the_user_menu(CommonSteps.java:41)
at ✽.User navigates to the user menu(file:///E:/Practice%20Selenium/Tugas%20TA/com.dikahadir.management/src/test/resources/features/UserSearch.feature:5)
]]>
    </error>
  </testcase> <!-- runScenario -->
  <testcase classname="com.dikahadir.management.runners.CucumberRunner" name="runScenario" time="17.449">
    <error message="Expected condition failed: waiting for element to be clickable: By.xpath: //body/div[@id=&#039;__next&#039;]/div[@class=&#039;css-10f63sf&#039;]/div[@class=&#039;MuiBox-root css-k008qs&#039;]/div[@class=&#039;MuiDrawer-root MuiDrawer-docked css-1tu59u4&#039;]/div[@class=&#039;MuiPaper-root MuiPaper-elevation MuiPaper-elevation0 MuiDrawer-paper MuiDrawer-paperAnchorLeft MuiDrawer-paperAnchorDockedLeft css-1yw4omu&#039;]/div[@data-simplebar=&#039;init&#039;]/div[@class=&#039;simplebar-wrapper&#039;]/div[@class=&#039;simplebar-mask&#039;]/div[@class=&#039;simplebar-offset&#039;]/div[@aria-label=&#039;scrollable content&#039;]/div[@class=&#039;simplebar-content&#039;]/div[@class=&#039;MuiBox-root css-10klw3m&#039;]/div[@class=&#039;sidebar MuiBox-root css-ftf74w&#039;]/div[@class=&#039;MuiBox-root css-old1by&#039;]/div[4]/div[1]/div[1]//*[name()=&#039;svg&#039;] (tried for 15 second(s) with 500 milliseconds interval)
Build info: version: &#039;4.34.0&#039;, revision: &#039;707dcb4246*&#039;
System info: os.name: &#039;Windows 11&#039;, os.arch: &#039;amd64&#039;, os.version: &#039;10.0&#039;, java.version: &#039;17.0.16&#039;
Driver info: org.openqa.selenium.chrome.ChromeDriver
Capabilities {acceptInsecureCerts: false, browserName: chrome, browserVersion: 139.0.7258.67, chrome: {chromedriverVersion: 139.0.7258.68 (40ff94600b6e..., userDataDir: C:\Users\denir\AppData\Loca...}, fedcm:accounts: true, goog:chromeOptions: {debuggerAddress: localhost:63451}, networkConnectionEnabled: false, pageLoadStrategy: normal, platformName: windows, proxy: Proxy(), se:cdp: ws://localhost:63451/devtoo..., se:cdpVersion: 139.0.7258.67, setWindowRect: true, strictFileInteractability: false, timeouts: {implicit: 0, pageLoad: 300000, script: 30000}, unhandledPromptBehavior: dismiss and notify, webauthn:extension:credBlob: true, webauthn:extension:largeBlob: true, webauthn:extension:minPinLength: true, webauthn:extension:prf: true, webauthn:virtualAuthenticators: true}
Session ID: d40053c6d79d89f77451bd91b7270de1" type="org.openqa.selenium.TimeoutException">
      <![CDATA[org.openqa.selenium.TimeoutException: Expected condition failed: waiting for element to be clickable: By.xpath: //body/div[@id='__next']/div[@class='css-10f63sf']/div[@class='MuiBox-root css-k008qs']/div[@class='MuiDrawer-root MuiDrawer-docked css-1tu59u4']/div[@class='MuiPaper-root MuiPaper-elevation MuiPaper-elevation0 MuiDrawer-paper MuiDrawer-paperAnchorLeft MuiDrawer-paperAnchorDockedLeft css-1yw4omu']/div[@data-simplebar='init']/div[@class='simplebar-wrapper']/div[@class='simplebar-mask']/div[@class='simplebar-offset']/div[@aria-label='scrollable content']/div[@class='simplebar-content']/div[@class='MuiBox-root css-10klw3m']/div[@class='sidebar MuiBox-root css-ftf74w']/div[@class='MuiBox-root css-old1by']/div[4]/div[1]/div[1]//*[name()='svg'] (tried for 15 second(s) with 500 milliseconds interval)
Build info: version: '4.34.0', revision: '707dcb4246*'
System info: os.name: 'Windows 11', os.arch: 'amd64', os.version: '10.0', java.version: '17.0.16'
Driver info: org.openqa.selenium.chrome.ChromeDriver
Capabilities {acceptInsecureCerts: false, browserName: chrome, browserVersion: 139.0.7258.67, chrome: {chromedriverVersion: 139.0.7258.68 (40ff94600b6e..., userDataDir: C:\Users\denir\AppData\Loca...}, fedcm:accounts: true, goog:chromeOptions: {debuggerAddress: localhost:63451}, networkConnectionEnabled: false, pageLoadStrategy: normal, platformName: windows, proxy: Proxy(), se:cdp: ws://localhost:63451/devtoo..., se:cdpVersion: 139.0.7258.67, setWindowRect: true, strictFileInteractability: false, timeouts: {implicit: 0, pageLoad: 300000, script: 30000}, unhandledPromptBehavior: dismiss and notify, webauthn:extension:credBlob: true, webauthn:extension:largeBlob: true, webauthn:extension:minPinLength: true, webauthn:extension:prf: true, webauthn:virtualAuthenticators: true}
Session ID: d40053c6d79d89f77451bd91b7270de1
at org.openqa.selenium.support.ui.WebDriverWait.timeoutException(WebDriverWait.java:84)
at org.openqa.selenium.support.ui.FluentWait.until(FluentWait.java:228)
at com.dikahadir.management.stepdefinitions.CommonSteps.user_navigates_to_the_user_menu(CommonSteps.java:41)
at ✽.User navigates to the user menu(file:///E:/Practice%20Selenium/Tugas%20TA/com.dikahadir.management/src/test/resources/features/UserStatus.feature:5)
]]>
    </error>
  </testcase> <!-- runScenario -->
</testsuite> <!-- com.dikahadir.management.runners.CucumberRunner -->
